0 info it worked if it ends with ok
1 verbose cli [ '/Users/jhall/.nvm/versions/node/v6.11.3/bin/node',
1 verbose cli   '/Users/jhall/.nvm/versions/node/v6.11.3/bin/npm',
1 verbose cli   'run',
1 verbose cli   'deploy' ]
2 info using npm@3.10.10
3 info using node@v6.11.3
4 verbose run-script [ 'predeploy', 'deploy', 'postdeploy' ]
5 info lifecycle labelr@1.0.0~predeploy: labelr@1.0.0
6 silly lifecycle labelr@1.0.0~predeploy: no script for predeploy, continuing
7 info lifecycle labelr@1.0.0~deploy: labelr@1.0.0
8 verbose lifecycle labelr@1.0.0~deploy: unsafe-perm in lifecycle true
9 verbose lifecycle labelr@1.0.0~deploy: PATH: /Users/jhall/.nvm/versions/node/v6.11.3/lib/node_modules/npm/bin/node-gyp-bin:/Users/jhall/projects/labelr/node_modules/.bin:/Users/jhall/.rvm/gems/ruby-2.4.3/bin:/Users/jhall/.rvm/gems/ruby-2.4.3@global/bin:/Users/jhall/.rvm/rubies/ruby-2.4.3/bin:/usr/local/opt/mysql@5.6/bin:/Users/jhall/.nvm/versions/node/v6.11.3/bin:/usr/local/opt/openssl/bin:/usr/local/opt/mysql@5.6/bin:/usr/local/bin:/usr/bin:/bin:/usr/sbin:/sbin:/usr/local/Cellar/mongodb@3.2/3.2.11/bin:/Users/jhall/.rvm/bin
10 verbose lifecycle labelr@1.0.0~deploy: CWD: /Users/jhall/projects/labelr
11 silly lifecycle labelr@1.0.0~deploy: Args: [ '-c', 'surge -p public -d shivering-holiday.surge.sh' ]
12 silly lifecycle labelr@1.0.0~deploy: Returned: code: 1  signal: null
13 info lifecycle labelr@1.0.0~deploy: Failed to exec deploy script
14 verbose stack Error: labelr@1.0.0 deploy: `surge -p public -d shivering-holiday.surge.sh`
14 verbose stack Exit status 1
14 verbose stack     at EventEmitter.<anonymous> (/Users/jhall/.nvm/versions/node/v6.11.3/lib/node_modules/npm/lib/utils/lifecycle.js:255:16)
14 verbose stack     at emitTwo (events.js:106:13)
14 verbose stack     at EventEmitter.emit (events.js:191:7)
14 verbose stack     at ChildProcess.<anonymous> (/Users/jhall/.nvm/versions/node/v6.11.3/lib/node_modules/npm/lib/utils/spawn.js:40:14)
14 verbose stack     at emitTwo (events.js:106:13)
14 verbose stack     at ChildProcess.emit (events.js:191:7)
14 verbose stack     at maybeClose (internal/child_process.js:920:16)
14 verbose stack     at Process.ChildProcess._handle.onexit (internal/child_process.js:230:5)
15 verbose pkgid labelr@1.0.0
16 verbose cwd /Users/jhall/projects/labelr/public
17 error Darwin 17.7.0
18 error argv "/Users/jhall/.nvm/versions/node/v6.11.3/bin/node" "/Users/jhall/.nvm/versions/node/v6.11.3/bin/npm" "run" "deploy"
19 error node v6.11.3
20 error npm  v3.10.10
21 error code ELIFECYCLE
22 error labelr@1.0.0 deploy: `surge -p public -d shivering-holiday.surge.sh`
22 error Exit status 1
23 error Failed at the labelr@1.0.0 deploy script 'surge -p public -d shivering-holiday.surge.sh'.
23 error Make sure you have the latest version of node.js and npm installed.
23 error If you do, this is most likely a problem with the labelr package,
23 error not with npm itself.
23 error Tell the author that this fails on your system:
23 error     surge -p public -d shivering-holiday.surge.sh
23 error You can get information on how to open an issue for this project with:
23 error     npm bugs labelr
23 error Or if that isn't available, you can get their info via:
23 error     npm owner ls labelr
23 error There is likely additional logging output above.
24 verbose exit [ 1, true ]
